0 info it worked if it ends with ok
1 verbose cli [ '/usr/local/bin/node',
1 verbose cli   '/Users/jeganmatthews/node_modules/.bin/npm',
1 verbose cli   'run',
1 verbose cli   'start' ]
2 info using npm@3.10.5
3 info using node@v10.16.2
4 warn invalid config loglevel="notice"
5 verbose run-script [ 'prestart', 'start', 'poststart' ]
6 info lifecycle guactube-ui@0.1.0~prestart: guactube-ui@0.1.0
7 silly lifecycle guactube-ui@0.1.0~prestart: no script for prestart, continuing
8 info lifecycle guactube-ui@0.1.0~start: guactube-ui@0.1.0
9 verbose lifecycle guactube-ui@0.1.0~start: unsafe-perm in lifecycle true
10 verbose lifecycle guactube-ui@0.1.0~start: PATH: /Users/jeganmatthews/node_modules/npm/bin/node-gyp-bin:/Users/jeganmatthews/softwareProjects/guactube2/app/ui/node_modules/.bin:/usr/local/bin:/Users/jeganmatthews/softwareProjects/guactube2/app/ui/node_modules/.bin:/Users/jeganmatthews/softwareProjects/guactube2/app/node_modules/.bin:/Users/jeganmatthews/softwareProjects/guactube2/node_modules/.bin:/Users/jeganmatthews/softwareProjects/node_modules/.bin:/Users/jeganmatthews/node_modules/.bin:/Users/node_modules/.bin:/node_modules/.bin:/usr/local/bin:/usr/local/lib/node_modules/npm/node_modules/npm-lifecycle/node-gyp-bin:/Users/jeganmatthews/softwareProjects/guactube2/node_modules/.bin:/usr/local/bin:/usr/bin:/bin:/usr/sbin:/sbin:/usr/local/share/dotnet:~/.dotnet/tools
11 verbose lifecycle guactube-ui@0.1.0~start: CWD: /Users/jeganmatthews/softwareProjects/guactube2/app/ui
12 silly lifecycle guactube-ui@0.1.0~start: Args: [ '-c', 'react-scripts start' ]
13 info lifecycle guactube-ui@0.1.0~start: Failed to exec start script
14 verbose stack Error: guactube-ui@0.1.0 start: `react-scripts start`
14 verbose stack spawn ENOENT
14 verbose stack     at ChildProcess.<anonymous> (/Users/jeganmatthews/node_modules/npm/lib/utils/spawn.js:33:16)
14 verbose stack     at ChildProcess.emit (events.js:198:13)
14 verbose stack     at maybeClose (internal/child_process.js:982:16)
14 verbose stack     at Process.ChildProcess._handle.onexit (internal/child_process.js:259:5)
15 verbose pkgid guactube-ui@0.1.0
16 verbose cwd /Users/jeganmatthews/softwareProjects/guactube2/app/ui
17 error Darwin 18.7.0
18 error argv "/usr/local/bin/node" "/Users/jeganmatthews/node_modules/.bin/npm" "run" "start"
19 error node v10.16.2
20 error npm  v3.10.5
21 error file sh
22 error code ELIFECYCLE
23 error errno ENOENT
24 error syscall spawn
25 error guactube-ui@0.1.0 start: `react-scripts start`
25 error spawn ENOENT
26 error Failed at the guactube-ui@0.1.0 start script 'react-scripts start'.
26 error Make sure you have the latest version of node.js and npm installed.
26 error If you do, this is most likely a problem with the guactube-ui package,
26 error not with npm itself.
26 error Tell the author that this fails on your system:
26 error     react-scripts start
26 error You can get information on how to open an issue for this project with:
26 error     npm bugs guactube-ui
26 error Or if that isn't available, you can get their info via:
26 error     npm owner ls guactube-ui
26 error There is likely additional logging output above.
27 verbose exit [ 1, true ]
